<?xml version="1.0" encoding="UTF-8"?>
<databaseChangeLog
        xmlns="http://www.liquibase.org/xml/ns/dbchangelog"
        xmlns:xsi="http://www.w3.org/2001/XMLSchema-instance"
        xmlns:pro="http://www.liquibase.org/xml/ns/pro"
        xmlns:ext="http://www.liquibase.org/xml/ns/dbchangelog-ext"
        xsi:schemaLocation="http://www.liquibase.org/xml/ns/dbchangelog
      http://www.liquibase.org/xml/ns/dbchangelog/dbchangelog-4.1.xsd
      http://www.liquibase.org/xml/ns/pro
      http://www.liquibase.org/xml/ns/pro/liquibase-pro-4.1.xsd">
    <changeSet author="testUser" id="1">
        <createTable tableName="person">
            <column name="id" type="INTEGER">
                <constraints nullable="false" primaryKey="true" unique="true"/>
            </column>
            <column name="name" type="VARCHAR(255)"/>
        </createTable>
    </changeSet>

    <changeSet author="testUser" id="2">
        <ext:createCompositeEntity name="composite_entity">
            <ext:nestedEntity table="table1">
                <ext:link column="id" entity="entity1"/>
            </ext:nestedEntity>
            <ext:nestedEntity table="table2" name="entity1"/>
        </ext:createCompositeEntity>
    </changeSet>

    <changeSet author="testUser" id="2">
        <ext:partialUpdate name="partial_update_entity">
            <ext:table name="table1">
                <ext:column name="column1"/>
            </ext:table>
        </ext:partialUpdate>
    </changeSet>

    <changeSet author="registry owner" id="create SC person_profile_equal_last_name">
        <ext:createSearchCondition name="person_profile_equal_last_name">
            <ext:table name="person_profile" alias="s">
                <ext:column name="person_profile_id"/>
            </ext:table>
        </ext:createSearchCondition>
    </changeSet>

    <changeSet id="remove SC person_profile_equal_last_name" author="vc">
        <comment>DROP search condition person_profile_equal_last_name</comment>
        <ext:dropSearchCondition name="person_profile_equal_last_name"/>
    </changeSet>

    <changeSet author="registry owner" id="create SC person_profile_equal_last_name2">
        <ext:createSearchCondition name="person_profile_equal_last_name">
            <ext:table name="person_profile" alias="s">
                <ext:column name="person_profile_id"/>
            </ext:table>
        </ext:createSearchCondition>
    </changeSet>

</databaseChangeLog>